06-Mar-2024 20:15:03.214 INFO [main] org.apache.catalina.startup.VersionLoggerListener.log Server version name:   Apache Tomcat/9.0.86
06-Mar-2024 20:15:03.220 INFO [main] org.apache.catalina.startup.VersionLoggerListener.log Server built:          Feb 14 2024 08:15:12 UTC
06-Mar-2024 20:15:03.220 INFO [main] org.apache.catalina.startup.VersionLoggerListener.log Server version number: 9.0.86.0
06-Mar-2024 20:15:03.221 INFO [main] org.apache.catalina.startup.VersionLoggerListener.log OS Name:               Windows 11
06-Mar-2024 20:15:03.221 INFO [main] org.apache.catalina.startup.VersionLoggerListener.log OS Version:            10.0
06-Mar-2024 20:15:03.221 INFO [main] org.apache.catalina.startup.VersionLoggerListener.log Architecture:          amd64
06-Mar-2024 20:15:03.221 INFO [main] org.apache.catalina.startup.VersionLoggerListener.log Java Home:             C:\Program Files\Java\jdk-21
06-Mar-2024 20:15:03.221 INFO [main] org.apache.catalina.startup.VersionLoggerListener.log JVM Version:           21.0.2+13-LTS-58
06-Mar-2024 20:15:03.221 INFO [main] org.apache.catalina.startup.VersionLoggerListener.log JVM Vendor:            Oracle Corporation
06-Mar-2024 20:15:03.221 INFO [main] org.apache.catalina.startup.VersionLoggerListener.log CATALINA_BASE:         E:\springboot\hibernate and jpa\Ebook-App2
06-Mar-2024 20:15:03.221 INFO [main] org.apache.catalina.startup.VersionLoggerListener.log CATALINA_HOME:         D:\download\apache-tomcat-9.0.86-windows-x64\apache-tomcat-9.0.86
06-Mar-2024 20:15:03.240 INFO [main] org.apache.catalina.startup.VersionLoggerListener.log Command line argument: --add-opens=java.base/java.lang=ALL-UNNAMED
06-Mar-2024 20:15:03.241 INFO [main] org.apache.catalina.startup.VersionLoggerListener.log Command line argument: --add-opens=java.base/java.io=ALL-UNNAMED
06-Mar-2024 20:15:03.241 INFO [main] org.apache.catalina.startup.VersionLoggerListener.log Command line argument: --add-opens=java.base/java.util=ALL-UNNAMED
06-Mar-2024 20:15:03.241 INFO [main] org.apache.catalina.startup.VersionLoggerListener.log Command line argument: --add-opens=java.base/java.util.concurrent=ALL-UNNAMED
06-Mar-2024 20:15:03.241 INFO [main] org.apache.catalina.startup.VersionLoggerListener.log Command line argument: --add-opens=java.rmi/sun.rmi.transport=ALL-UNNAMED
06-Mar-2024 20:15:03.242 INFO [main] org.apache.catalina.startup.VersionLoggerListener.log Command line argument: -Dcatalina.home=D:\download\apache-tomcat-9.0.86-windows-x64\apache-tomcat-9.0.86
06-Mar-2024 20:15:03.242 INFO [main] org.apache.catalina.startup.VersionLoggerListener.log Command line argument: -Dcatalina.base=E:\springboot\hibernate and jpa\Ebook-App2
06-Mar-2024 20:15:03.242 INFO [main] org.apache.catalina.startup.VersionLoggerListener.log Command line argument: -Djava.io.tmpdir=E:\springboot\hibernate and jpa\Ebook-App2\temp
06-Mar-2024 20:15:03.242 INFO [main] org.apache.catalina.startup.VersionLoggerListener.log Command line argument: -Djava.util.logging.config.file=E:\springboot\hibernate and jpa\Ebook-App2\conf\logging.properties
06-Mar-2024 20:15:03.242 INFO [main] org.apache.catalina.startup.VersionLoggerListener.log Command line argument: -Djava.util.logging.manager=org.apache.juli.ClassLoaderLogManager
06-Mar-2024 20:15:03.242 INFO [main] org.apache.catalina.startup.VersionLoggerListener.log Command line argument: -javaagent:C:\Program Files\JetBrains\IntelliJ IDEA 2023.3.3\lib\idea_rt.jar=63123:C:\Program Files\JetBrains\IntelliJ IDEA 2023.3.3\bin
06-Mar-2024 20:15:03.243 INFO [main] org.apache.catalina.startup.VersionLoggerListener.log Command line argument: -Dfile.encoding=UTF-8
06-Mar-2024 20:15:03.243 INFO [main] org.apache.catalina.startup.VersionLoggerListener.log Command line argument: -Dsun.stdout.encoding=UTF-8
06-Mar-2024 20:15:03.243 INFO [main] org.apache.catalina.startup.VersionLoggerListener.log Command line argument: -Dsun.stderr.encoding=UTF-8
06-Mar-2024 20:15:03.353 INFO [main] org.apache.catalina.core.AprLifecycleListener.lifecycleEvent Loaded Apache Tomcat Native library [1.3.0] using APR version [1.7.4].
06-Mar-2024 20:15:03.353 INFO [main] org.apache.catalina.core.AprLifecycleListener.lifecycleEvent APR capabilities: IPv6 [true], sendfile [true], accept filters [false], random [true], UDS [true].
06-Mar-2024 20:15:03.353 INFO [main] org.apache.catalina.core.AprLifecycleListener.lifecycleEvent APR/OpenSSL configuration: useAprConnector [false], useOpenSSL [true]
06-Mar-2024 20:15:03.454 INFO [main] org.apache.catalina.core.AprLifecycleListener.initializeSSL OpenSSL successfully initialized [OpenSSL 3.0.13 30 Jan 2024]
06-Mar-2024 20:15:03.996 INFO [main] org.apache.coyote.AbstractProtocol.init Initializing ProtocolHandler ["http-nio-8080"]
06-Mar-2024 20:15:04.025 INFO [main] org.apache.catalina.startup.Catalina.load Server initialization in [1228] milliseconds
06-Mar-2024 20:15:04.142 INFO [main] org.apache.catalina.core.StandardService.startInternal Starting service [Catalina]
06-Mar-2024 20:15:04.142 INFO [main] org.apache.catalina.core.StandardEngine.startInternal Starting Servlet engine: [Apache Tomcat/9.0.86]
06-Mar-2024 20:15:04.152 INFO [main] org.apache.catalina.startup.HostConfig.deployDescriptor Deploying deployment descriptor [E:\springboot\hibernate and jpa\Ebook-App2\conf\Catalina\localhost\Ebook-App.xml]
06-Mar-2024 20:15:05.531 INFO [main] org.apache.jasper.servlet.TldScanner.scanJars At least one JAR was scanned for TLDs yet contained no TLDs. Enable debug logging for this logger for a complete list of JARs that were scanned but no TLDs were found in them. Skipping unneeded JARs during scanning can improve startup time and JSP compilation time.
06-Mar-2024 20:15:05.671 INFO [main] org.apache.catalina.startup.HostConfig.deployDescriptor Deployment of deployment descriptor [E:\springboot\hibernate and jpa\Ebook-App2\conf\Catalina\localhost\Ebook-App.xml] has finished in [1,517] ms
06-Mar-2024 20:15:05.677 INFO [main] org.apache.coyote.AbstractProtocol.start Starting ProtocolHandler ["http-nio-8080"]
06-Mar-2024 20:15:05.715 INFO [main] org.apache.catalina.startup.Catalina.start Server startup in [1686] milliseconds
